<?xml version="1.0" encoding="UTF-8"?>
<!-- Generated by org.testng.reporters.JUnitXMLReporter -->
<testsuite ignored="2" hostname="Dhananjays-MacBook-Air.local" failures="4" tests="10" name="Test" time="216.808" errors="0" timestamp="2025-04-29T03:08:14 IST">
  <testcase classname="com.blockchain.tests.LaunchOCNChildNetworkTests" name="verifyAddingOCNChildNetwork" time="7.51"/>
  <testcase classname="com.blockchain.tests.SigninFlowTests" name="test" time="6.441"/>
  <testcase classname="com.blockchain.tests.OnboardingOCNNodeFlowTests" name="verifyDashboardOptionNdesArePresent" time="6.17"/>
  <testcase classname="com.blockchain.tests.OnboardingOCNNodeFlowTests" name="verifyAddingMultipleNodes" time="8.772"/>
  <testcase classname="com.blockchain.tests.OnboardingOCNNodeFlowTests" name="verifyAddingOnboardOCNNode" time="8.996"/>
  <testcase classname="com.blockchain.tests.SignUpTests" name="verifySingup" time="7.941">
    <failure type="java.lang.AssertionError" message="Open Capital Network expected:&amp;lt;Open Capital Network&amp;gt; but was:&amp;lt;Actual and expected dashboard title are  not matching after signup&amp;gt;">
      <![CDATA[java.lang.AssertionError: Open Capital Network expected:<Open Capital Network> but was:<Actual and expected dashboard title are  not matching after signup>
at com.blockchain.tests.SignUpTests.verifySingup(SignUpTests.java:30)
at java.base/java.util.ArrayList.forEach(ArrayList.java:1596)
... Removed 26 stack frames]]>
    </failure>
  </testcase> <!-- verifySingup -->
  <testcase classname="com.blockchain.tests.SignUpTests" name="verifySingupWithExisingUserDetails" time="4.353">
    <failure type="java.lang.AssertionError" message="Provided E-Mail is already in use expected:&amp;lt;Provided E-Mail is already in use&amp;gt; but was:&amp;lt;Alert text is not matching&amp;gt;">
      <![CDATA[java.lang.AssertionError: Provided E-Mail is already in use expected:<Provided E-Mail is already in use> but was:<Alert text is not matching>
at com.blockchain.tests.SignUpTests.verifySingupWithExisingUserDetails(SignUpTests.java:54)
at java.base/java.util.ArrayList.forEach(ArrayList.java:1596)
... Removed 26 stack frames]]>
    </failure>
  </testcase> <!-- verifySingupWithExisingUserDetails -->
  <testcase classname="com.blockchain.tests.SignUpTests" name="verifySingupWithInvalidEmailAndValidPassword" time="0.803"/>
  <testcase classname="com.blockchain.tests.SignUpTests" name="verifySingupWithValidEmailAndWeakPassword" time="0.886">
    <failure type="java.lang.AssertionError" message="Password must contain atelast one lowercase letter, uppercase letter, number and special character and be a minimum of 8 characters in length expected:&amp;lt;Password must contain atelast one lowercase letter, uppercase letter, number and special character and be a minimum of 8 characters in length&amp;gt; but was:&amp;lt;Both error messages are not matching&amp;gt;">
      <![CDATA[java.lang.AssertionError: Password must contain atelast one lowercase letter, uppercase letter, number and special character and be a minimum of 8 characters in length expected:<Password must contain atelast one lowercase letter, uppercase letter, number and special character and be a minimum of 8 characters in length> but was:<Both error messages are not matching>
at com.blockchain.tests.SignUpTests.verifySingupWithValidEmailAndWeakPassword(SignUpTests.java:83)
at java.base/java.util.ArrayList.forEach(ArrayList.java:1596)
... Removed 26 stack frames]]>
    </failure>
  </testcase> <!-- verifySingupWithValidEmailAndWeakPassword -->
  <testcase classname="com.blockchain.tests.SignUpTests" name="verifySingupWithValidEmailAndWeakPasswordToTakeScreenshot" time="20.565">
    <failure type="org.openqa.selenium.TimeoutException" message="Expected condition failed: waiting for visibility of Proxy element for: DefaultElementLocator &amp;apos;By.cssSelector: .cta-container .MuiButtonBase-root&amp;apos; (tried for 5 second(s) with 500 milliseconds interval)">
      <![CDATA[org.openqa.selenium.TimeoutException: Expected condition failed: waiting for visibility of Proxy element for: DefaultElementLocator 'By.cssSelector: .cta-container .MuiButtonBase-root' (tried for 5 second(s) with 500 milliseconds interval)
at org.openqa.selenium.support.ui.WebDriverWait.timeoutException(WebDriverWait.java:84)
at org.openqa.selenium.support.ui.FluentWait.until(FluentWait.java:228)
at com.blockchain.reusablemethods.ReusableWrapperMethods.waitForWebElementToAppear(ReusableWrapperMethods.java:38)
at com.blockchain.pageobjects.XaltPortalPage.goToSignUpPage(XaltPortalPage.java:170)
at com.blockchain.tests.SignUpTests.verifySingupWithValidEmailAndWeakPasswordToTakeScreenshot(SignUpTests.java:98)
at java.base/java.util.ArrayList.forEach(ArrayList.java:1596)
Caused by: org.openqa.selenium.NoSuchElementException: no such element: Unable to locate element: {"method":"css selector","selector":".cta-container .MuiButtonBase-root"}
  (Session info: chrome=135.0.7049.115)
For documentation on this error, please visit: https://www.selenium.dev/documentation/webdriver/troubleshooting/errors#no-such-element-exception
Build info: version: '4.28.1', revision: '73f5ad48a2'
System info: os.name: 'Mac OS X', os.arch: 'x86_64', os.version: '15.3.2', java.version: '21.0.4'
Driver info: org.openqa.selenium.chrome.ChromeDriver
Command: [d0e44ee536048194070e67613de7add0, findElement {value=.cta-container .MuiButtonBase-root, using=css selector}]
Capabilities {acceptInsecureCerts: false, browserName: chrome, browserVersion: 135.0.7049.115, chrome: {chromedriverVersion: 135.0.7049.114 (63fd8a7d9d0..., userDataDir: /var/folders/g7/kckwx0nn5f3...}, fedcm:accounts: true, goog:chromeOptions: {debuggerAddress: localhost:60479}, networkConnectionEnabled: false, pageLoadStrategy: normal, platformName: mac, proxy: Proxy(), se:cdp: ws://localhost:60479/devtoo..., se:cdpVersion: 135.0.7049.115, setWindowRect: true, strictFileInteractability: false, timeouts: {implicit: 0, pageLoad: 300000, script: 30000}, unhandledPromptBehavior: dismiss and notify, webauthn:extension:credBlob: true, webauthn:extension:largeBlob: true, webauthn:extension:minPinLength: true, webauthn:extension:prf: true, webauthn:virtualAuthenticators: true}
Session ID: d0e44ee536048194070e67613de7add0
at org.openqa.selenium.remote.ErrorCodec.decode(ErrorCodec.java:167)
at org.openqa.selenium.remote.codec.w3c.W3CHttpResponseCodec.decode(W3CHttpResponseCodec.java:138)
at org.openqa.selenium.remote.codec.w3c.W3CHttpResponseCodec.decode(W3CHttpResponseCodec.java:50)
at org.openqa.selenium.remote.HttpCommandExecutor.execute(HttpCommandExecutor.java:215)
at org.openqa.selenium.remote.service.DriverCommandExecutor.invokeExecute(DriverCommandExecutor.java:216)
at org.openqa.selenium.remote.service.DriverCommandExecutor.execute(DriverCommandExecutor.java:174)
at org.openqa.selenium.remote.RemoteWebDriver.execute(RemoteWebDriver.java:545)
at org.openqa.selenium.remote.ElementLocation$ElementFinder$2.findElement(ElementLocation.java:165)
at org.openqa.selenium.remote.ElementLocation.findElement(ElementLocation.java:59)
at org.openqa.selenium.remote.RemoteWebDriver.findElement(RemoteWebDriver.java:368)
at org.openqa.selenium.remote.RemoteWebDriver.findElement(RemoteWebDriver.java:362)
at org.openqa.selenium.support.pagefactory.DefaultElementLocator.findElement(DefaultElementLocator.java:68)
at org.openqa.selenium.support.pagefactory.internal.LocatingElementHandler.invoke(LocatingElementHandler.java:38)
at jdk.proxy2/jdk.proxy2.$Proxy16.isDisplayed(Unknown Source)
at org.openqa.selenium.support.ui.ExpectedConditions.elementIfVisible(ExpectedConditions.java:304)
at org.openqa.selenium.support.ui.ExpectedConditions$10.apply(ExpectedConditions.java:290)
at org.openqa.selenium.support.ui.ExpectedConditions$10.apply(ExpectedConditions.java:287)
at org.openqa.selenium.support.ui.FluentWait.until(FluentWait.java:203)
... 29 more
... Removed 28 stack frames]]>
    </failure>
  </testcase> <!-- verifySingupWithValidEmailAndWeakPasswordToTakeScreenshot -->
  <testcase classname="com.blockchain.tests.SignOutTests" name="verfiySignOut" time="0.0">
    <ignored/>
  </testcase> <!-- verfiySignOut -->
  <testcase classname="com.blockchain.tests.OnboardingOCNNodeFlowTests" name="verifyLogin" time="0.0">
    <ignored/>
  </testcase> <!-- verifyLogin -->
</testsuite> <!-- Test -->
