<!DOCTYPE html PUBLIC "-//W3C//DTD XHTML 1.1//EN" "https://www.w3.org/TR/xhtml11/DTD/xhtml11.dtd">
<html xmlns="https://www.w3.org/1999/xhtml">
<head>
<meta http-equiv="content-type" content="text/html; charset=UTF-8"/>
<title>TestNG Report</title>
<style type="text/css">table {margin-bottom:10px;border-collapse:collapse;empty-cells:show}th,td {border:1px solid #009;padding:.25em .5em}th {vertical-align:bottom}td {vertical-align:top}table a {font-weight:bold}.stripe td {background-color: #E6EBF9}.num {text-align:right}.passedodd td {background-color: #3F3}.passedeven td {background-color: #0A0}.skippedodd td {background-color: #DDD}.skippedeven td {background-color: #CCC}.failedodd td,.attn {background-color: #F33}.failedeven td,.stripe .attn {background-color: #D00}.stacktrace {white-space:pre;font-family:monospace}.totop {font-size:85%;text-align:center;border-bottom:2px solid #000}.invisible {display:none}</style>
</head>
<body>
<table>
<tr><th>Test</th><th># Passed</th><th># Skipped</th><th># Retried</th><th># Failed</th><th>Time (ms)</th><th>Included Groups</th><th>Excluded Groups</th></tr>
<tr><th colspan="8">Suite</th></tr>
<tr><td><a href="#t0">Launch OCN ChildNetwork Tests</a></td><td class="num">1</td><td class="num">0</td><td class="num">0</td><td class="num">0</td><td class="num">25,142</td><td></td><td></td></tr>
<tr class="stripe"><td><a href="#t1">SignIn Flow Tests</a></td><td class="num">3</td><td class="num">0</td><td class="num">0</td><td class="num">0</td><td class="num">41,378</td><td></td><td></td></tr>
<tr><td><a href="#t2">OCN Flow Tests</a></td><td class="num">3</td><td class="num">0</td><td class="num">0</td><td class="num">0</td><td class="num">62,279</td><td></td><td></td></tr>
<tr class="stripe"><td><a href="#t3">Signup Tests</a></td><td class="num">4</td><td class="num">0</td><td class="num">0</td><td class="num attn">1</td><td class="num">80,094</td><td></td><td></td></tr>
<tr><td><a href="#t4">SignOut Tests</a></td><td class="num">1</td><td class="num">0</td><td class="num">0</td><td class="num">0</td><td class="num">16,360</td><td></td><td></td></tr>
<tr><th>Total</th><th class="num">12</th><th class="num">0</th><th class="num">0</th><th class="num attn">1</th><th class="num">225,253</th><th colspan="2"></th></tr>
</table>
<table id='summary'><thead><tr><th>Class</th><th>Method</th><th>Start</th><th>Time (ms)</th></tr></thead><tbody><tr><th colspan="4">Suite</th></tr></tbody><tbody id="t0"><tr><th colspan="4">Launch OCN ChildNetwork Tests &#8212; passed</th></tr><tr class="passedeven"><td rowspan="1">com.blockchain.tests.LaunchOCNChildNetworkTests</td><td><a href="#m0">verifyAddingOCNChildNetwork</a></td><td rowspan="1">1745922006010</td><td rowspan="1">14358</td></tr></tbody>
<tbody id="t1"><tr><th colspan="4">SignIn Flow Tests &#8212; passed</th></tr><tr class="passedeven"><td rowspan="3">com.blockchain.tests.SigninFlowTests</td><td><a href="#m1">verifyLogin</a></td><td rowspan="1">1745922029505</td><td rowspan="1">5499</td></tr><tr class="passedeven"><td><a href="#m2">verifyLoginWithUnRegisteredEmailAndValidPassword</a></td><td rowspan="1">1745922043925</td><td rowspan="1">4194</td></tr><tr class="passedeven"><td><a href="#m3">verifyLoginWithValidEmailAndInvalidPassword</a></td><td rowspan="1">1745922053276</td><td rowspan="1">8986</td></tr></tbody>
<tbody id="t2"><tr><th colspan="4">OCN Flow Tests &#8212; passed</th></tr><tr class="passedeven"><td rowspan="3">com.blockchain.tests.OnboardingOCNNodeFlowTests</td><td><a href="#m4">verifyAddingMultipleNodes</a></td><td rowspan="1">1745922094618</td><td rowspan="1">9574</td></tr><tr class="passedeven"><td><a href="#m5">verifyAddingOnboardOCNNode</a></td><td rowspan="1">1745922115312</td><td rowspan="1">9250</td></tr><tr class="passedeven"><td><a href="#m6">verifyDashboardOptionNdesArePresent</a></td><td rowspan="1">1745922074490</td><td rowspan="1">6588</td></tr></tbody>
<tbody id="t3"><tr><th colspan="4">Signup Tests &#8212; failed</th></tr><tr class="failedeven"><td rowspan="1">com.blockchain.tests.SignUpTests</td><td><a href="#m7">verifySingupWithValidEmailAndWeakPasswordToTakeScreenshot</a></td><td rowspan="1">1745922183736</td><td rowspan="1">20568</td></tr><tr><th colspan="4">Signup Tests &#8212; passed</th></tr><tr class="passedeven"><td rowspan="4">com.blockchain.tests.SignUpTests</td><td><a href="#m8">verifySingup</a></td><td rowspan="1">1745922133520</td><td rowspan="1">6233</td></tr><tr class="passedeven"><td><a href="#m9">verifySingupWithExisingUserDetails</a></td><td rowspan="1">1745922144959</td><td rowspan="1">9188</td></tr><tr class="passedeven"><td><a href="#m10">verifySingupWithInvalidEmailAndValidPassword</a></td><td rowspan="1">1745922162766</td><td rowspan="1">769</td></tr><tr class="passedeven"><td><a href="#m11">verifySingupWithValidEmailAndWeakPassword</a></td><td rowspan="1">1745922171632</td><td rowspan="1">737</td></tr></tbody>
<tbody id="t4"><tr><th colspan="4">SignOut Tests &#8212; passed</th></tr><tr class="passedeven"><td rowspan="1">com.blockchain.tests.SignOutTests</td><td><a href="#m12">verfiySignOut</a></td><td rowspan="1">1745922214967</td><td rowspan="1">6074</td></tr></tbody>
</table>
<h2>Launch OCN ChildNetwork Tests</h2><h3 id="m0">com.blockchain.tests.LaunchOCNChildNetworkTests#verifyAddingOCNChildNetwork</h3><table class="result"><tr><th class="invisible"/></tr></table><p class="totop"><a href="#summary">back to summary</a></p>
<h2>SignIn Flow Tests</h2><h3 id="m1">com.blockchain.tests.SigninFlowTests#verifyLogin</h3><table class="result"><tr><th class="invisible"/></tr></table><p class="totop"><a href="#summary">back to summary</a></p>
<h3 id="m2">com.blockchain.tests.SigninFlowTests#verifyLoginWithUnRegisteredEmailAndValidPassword</h3><table class="result"><tr><th class="invisible"/></tr></table><p class="totop"><a href="#summary">back to summary</a></p>
<h3 id="m3">com.blockchain.tests.SigninFlowTests#verifyLoginWithValidEmailAndInvalidPassword</h3><table class="result"><tr><th class="invisible"/></tr></table><p class="totop"><a href="#summary">back to summary</a></p>
<h2>OCN Flow Tests</h2><h3 id="m4">com.blockchain.tests.OnboardingOCNNodeFlowTests#verifyAddingMultipleNodes</h3><table class="result"><tr><th class="invisible"/></tr></table><p class="totop"><a href="#summary">back to summary</a></p>
<h3 id="m5">com.blockchain.tests.OnboardingOCNNodeFlowTests#verifyAddingOnboardOCNNode</h3><table class="result"><tr><th class="invisible"/></tr></table><p class="totop"><a href="#summary">back to summary</a></p>
<h3 id="m6">com.blockchain.tests.OnboardingOCNNodeFlowTests#verifyDashboardOptionNdesArePresent</h3><table class="result"><tr><th class="invisible"/></tr></table><p class="totop"><a href="#summary">back to summary</a></p>
<h2>Signup Tests</h2><h3 id="m7">com.blockchain.tests.SignUpTests#verifySingupWithValidEmailAndWeakPasswordToTakeScreenshot</h3><table class="result"><tr><th>Exception</th></tr><tr><td><div class="stacktrace">org.openqa.selenium.TimeoutException: Expected condition failed: waiting for visibility of Proxy element for: DefaultElementLocator &apos;By.cssSelector: .cta-container .MuiButtonBase-root&apos; (tried for 5 second(s) with 500 milliseconds interval)
	at org.openqa.selenium.support.ui.WebDriverWait.timeoutException(WebDriverWait.java:84)
	at org.openqa.selenium.support.ui.FluentWait.until(FluentWait.java:228)
	at com.blockchain.reusablemethods.ReusableWrapperMethods.waitForWebElementToAppear(ReusableWrapperMethods.java:34)
	at com.blockchain.pageobjects.XaltPortalPage.goToSignUpPage(XaltPortalPage.java:158)
	at com.blockchain.tests.SignUpTests.verifySingupWithValidEmailAndWeakPasswordToTakeScreenshot(SignUpTests.java:92)
	at java.base/java.util.ArrayList.forEach(ArrayList.java:1596)
Caused by: org.openqa.selenium.NoSuchElementException: no such element: Unable to locate element: {&quot;method&quot;:&quot;css selector&quot;,&quot;selector&quot;:&quot;.cta-container .MuiButtonBase-root&quot;}
  (Session info: chrome=135.0.7049.115)
For documentation on this error, please visit: https://www.selenium.dev/documentation/webdriver/troubleshooting/errors#no-such-element-exception
Build info: version: &apos;4.28.1&apos;, revision: &apos;73f5ad48a2&apos;
System info: os.name: &apos;Mac OS X&apos;, os.arch: &apos;x86_64&apos;, os.version: &apos;15.3.2&apos;, java.version: &apos;21.0.4&apos;
Driver info: org.openqa.selenium.chrome.ChromeDriver
Command: [9b548a47dc43a7e9f3e757e0485e27f1, findElement {value=.cta-container .MuiButtonBase-root, using=css selector}]
Capabilities {acceptInsecureCerts: false, browserName: chrome, browserVersion: 135.0.7049.115, chrome: {chromedriverVersion: 135.0.7049.114 (63fd8a7d9d0..., userDataDir: /var/folders/g7/kckwx0nn5f3...}, fedcm:accounts: true, goog:chromeOptions: {debuggerAddress: localhost:63248}, networkConnectionEnabled: false, pageLoadStrategy: normal, platformName: mac, proxy: Proxy(), se:cdp: ws://localhost:63248/devtoo..., se:cdpVersion: 135.0.7049.115, setWindowRect: true, strictFileInteractability: false, timeouts: {implicit: 0, pageLoad: 300000, script: 30000}, unhandledPromptBehavior: dismiss and notify, webauthn:extension:credBlob: true, webauthn:extension:largeBlob: true, webauthn:extension:minPinLength: true, webauthn:extension:prf: true, webauthn:virtualAuthenticators: true}
Session ID: 9b548a47dc43a7e9f3e757e0485e27f1
	at org.openqa.selenium.remote.ErrorCodec.decode(ErrorCodec.java:167)
	at org.openqa.selenium.remote.codec.w3c.W3CHttpResponseCodec.decode(W3CHttpResponseCodec.java:138)
	at org.openqa.selenium.remote.codec.w3c.W3CHttpResponseCodec.decode(W3CHttpResponseCodec.java:50)
	at org.openqa.selenium.remote.HttpCommandExecutor.execute(HttpCommandExecutor.java:215)
	at org.openqa.selenium.remote.service.DriverCommandExecutor.invokeExecute(DriverCommandExecutor.java:216)
	at org.openqa.selenium.remote.service.DriverCommandExecutor.execute(DriverCommandExecutor.java:174)
	at org.openqa.selenium.remote.RemoteWebDriver.execute(RemoteWebDriver.java:545)
	at org.openqa.selenium.remote.ElementLocation$ElementFinder$2.findElement(ElementLocation.java:165)
	at org.openqa.selenium.remote.ElementLocation.findElement(ElementLocation.java:59)
	at org.openqa.selenium.remote.RemoteWebDriver.findElement(RemoteWebDriver.java:368)
	at org.openqa.selenium.remote.RemoteWebDriver.findElement(RemoteWebDriver.java:362)
	at org.openqa.selenium.support.pagefactory.DefaultElementLocator.findElement(DefaultElementLocator.java:68)
	at org.openqa.selenium.support.pagefactory.internal.LocatingElementHandler.invoke(LocatingElementHandler.java:38)
	at jdk.proxy2/jdk.proxy2.$Proxy14.isDisplayed(Unknown Source)
	at org.openqa.selenium.support.ui.ExpectedConditions.elementIfVisible(ExpectedConditions.java:304)
	at org.openqa.selenium.support.ui.ExpectedConditions$10.apply(ExpectedConditions.java:290)
	at org.openqa.selenium.support.ui.ExpectedConditions$10.apply(ExpectedConditions.java:287)
	at org.openqa.selenium.support.ui.FluentWait.until(FluentWait.java:203)
	... 29 more
... Removed 28 stack frames</div></td></tr></table><p class="totop"><a href="#summary">back to summary</a></p>
<h3 id="m8">com.blockchain.tests.SignUpTests#verifySingup</h3><table class="result"><tr><th class="invisible"/></tr></table><p class="totop"><a href="#summary">back to summary</a></p>
<h3 id="m9">com.blockchain.tests.SignUpTests#verifySingupWithExisingUserDetails</h3><table class="result"><tr><th class="invisible"/></tr></table><p class="totop"><a href="#summary">back to summary</a></p>
<h3 id="m10">com.blockchain.tests.SignUpTests#verifySingupWithInvalidEmailAndValidPassword</h3><table class="result"><tr><th class="invisible"/></tr></table><p class="totop"><a href="#summary">back to summary</a></p>
<h3 id="m11">com.blockchain.tests.SignUpTests#verifySingupWithValidEmailAndWeakPassword</h3><table class="result"><tr><th class="invisible"/></tr></table><p class="totop"><a href="#summary">back to summary</a></p>
<h2>SignOut Tests</h2><h3 id="m12">com.blockchain.tests.SignOutTests#verfiySignOut</h3><table class="result"><tr><th class="invisible"/></tr></table><p class="totop"><a href="#summary">back to summary</a></p>
</body>
</html>
